CRITICAL - 2023-09-22 08:41:01 --> Invalid file: "layout/defult.php"
in SYSTEMPATH\Exceptions\FrameworkException.php on line 39.
 1 SYSTEMPATH\View\View.php(214): CodeIgniter\Exceptions\FrameworkException::forInvalidFile('layout/defult.php')
 2 SYSTEMPATH\View\View.php(467): CodeIgniter\View\View->render('layout/defult', null, true)
 3 APPPATH\Views\DashboardAdmin.php(1): CodeIgniter\View\View->include('layout/defult')
 4 SYSTEMPATH\View\View.php(226): include('C:\\xampp\\htdocs\\spp\\app\\Views\\DashboardAdmin.php')
 5 SYSTEMPATH\View\View.php(229): CodeIgniter\View\View->CodeIgniter\View\{closure}()
 6 SYSTEMPATH\Common.php(1188): CodeIgniter\View\View->render('DashboardAdmin', [], true)
 7 APPPATH\Controllers\Home.php(14): view('DashboardAdmin')
 8 SYSTEMPATH\CodeIgniter.php(919): App\Controllers\Home->dashboardAdmin()
 9 SYSTEMPATH\CodeIgniter.php(494): CodeIgniter\CodeIgniter->runController(Object(App\Controllers\Home))
10 SYSTEMPATH\CodeIgniter.php(353): CodeIgniter\CodeIgniter->handleRequest(null, Object(Config\Cache), false)
11 FCPATH\index.php(79): CodeIgniter\CodeIgniter->run()
12 SYSTEMPATH\Commands\Server\rewrite.php(47): require_once('C:\\xampp\\htdocs\\spp\\public\\index.php')
CRITICAL - 2023-09-22 08:41:59 --> Invalid file: "layout/defult.php"
in SYSTEMPATH\Exceptions\FrameworkException.php on line 39.
 1 SYSTEMPATH\View\View.php(214): CodeIgniter\Exceptions\FrameworkException::forInvalidFile('layout/defult.php')
 2 SYSTEMPATH\View\View.php(467): CodeIgniter\View\View->render('layout/defult', null, true)
 3 APPPATH\Views\DashboardAdmin.php(1): CodeIgniter\View\View->include('layout/defult')
 4 SYSTEMPATH\View\View.php(226): include('C:\\xampp\\htdocs\\spp\\app\\Views\\DashboardAdmin.php')
 5 SYSTEMPATH\View\View.php(229): CodeIgniter\View\View->CodeIgniter\View\{closure}()
 6 SYSTEMPATH\Common.php(1188): CodeIgniter\View\View->render('DashboardAdmin', [], true)
 7 APPPATH\Controllers\Home.php(14): view('DashboardAdmin')
 8 SYSTEMPATH\CodeIgniter.php(919): App\Controllers\Home->dashboardAdmin()
 9 SYSTEMPATH\CodeIgniter.php(494): CodeIgniter\CodeIgniter->runController(Object(App\Controllers\Home))
10 SYSTEMPATH\CodeIgniter.php(353): CodeIgniter\CodeIgniter->handleRequest(null, Object(Config\Cache), false)
11 FCPATH\index.php(79): CodeIgniter\CodeIgniter->run()
12 SYSTEMPATH\Commands\Server\rewrite.php(47): require_once('C:\\xampp\\htdocs\\spp\\public\\index.php')
